<?xml version="1.0" encoding="UTF-8"?>
<!-- Generated by org.testng.reporters.JUnitReportReporter -->
<testsuite hostname="ADMIN" failures="0" tests="1" name="testdemo.BrowserLaunch" time="5.185" errors="0" timestamp="2022-11-30T20:49:27 IST" skipped="0">
  <testcase classname="testdemo.BrowserLaunch" name="browserLaunchTest" time="5.185"/>
  <system-out/>
</testsuite> <!-- testdemo.BrowserLaunch -->
