<?xml version="1.0" encoding="UTF-8"?>
<!-- Generated by org.testng.reporters.JUnitReportReporter -->
<testsuite hostname="ADMIN" failures="0" tests="1" name="testcases.ToVerifyValidLoginDetails" time="13.498" errors="0" timestamp="2022-12-09T21:20:24 IST" skipped="0">
  <testcase classname="testcases.ToVerifyValidLoginDetails" name="toVerifyValidLoginDetailsTest" time="13.498"/>
  <system-out/>
</testsuite> <!-- testcases.ToVerifyValidLoginDetails -->
